<?xml version="1.0" encoding="UTF-8"?>
<testng-results ignored="0" total="1" passed="1" failed="0" skipped="0">
  <reporter-output>
  </reporter-output>
  <suite started-at="2024-02-12T13:28:29 IST" name="Default suite" finished-at="2024-02-12T13:28:35 IST" duration-ms="5409">
    <groups>
    </groups>
    <test started-at="2024-02-12T13:28:29 IST" name="Default test" finished-at="2024-02-12T13:28:35 IST" duration-ms="5409">
      <class name="utilities.ListenersDemo_Reports">
        <test-method is-config="true" signature="setUp()[pri:0, instance:utilities.ListenersDemo_Reports@5d0bf09b]" started-at="2024-02-12T13:28:29 IST" name="setUp" finished-at="2024-02-12T13:28:29 IST" duration-ms="263" status="PASS">
          <reporter-output>
          </reporter-output>
        </test-method> <!-- setUp -->
        <test-method is-config="true" signature="setup()[pri:0, instance:utilities.ListenersDemo_Reports@5d0bf09b]" started-at="2024-02-12T13:28:29 IST" name="setup" finished-at="2024-02-12T13:28:34 IST" duration-ms="4338" status="PASS">
          <reporter-output>
          </reporter-output>
        </test-method> <!-- setup -->
        <test-method signature="LoginFailTest()[pri:0, instance:utilities.ListenersDemo_Reports@5d0bf09b]" started-at="2024-02-12T13:28:34 IST" name="LoginFailTest" finished-at="2024-02-12T13:28:34 IST" duration-ms="754" status="PASS">
          <reporter-output>
          </reporter-output>
        </test-method> <!-- LoginFailTest -->
        <test-method is-config="true" signature="tearDown()[pri:0, instance:utilities.ListenersDemo_Reports@5d0bf09b]" started-at="2024-02-12T13:28:34 IST" name="tearDown" finished-at="2024-02-12T13:28:35 IST" duration-ms="264" status="PASS">
          <reporter-output>
          </reporter-output>
        </test-method> <!-- tearDown -->
        <test-method is-config="true" signature="tearDownSuite()[pri:0, instance:utilities.ListenersDemo_Reports@5d0bf09b]" started-at="2024-02-12T13:28:35 IST" name="tearDownSuite" finished-at="2024-02-12T13:28:35 IST" duration-ms="549" status="PASS">
          <reporter-output>
          </reporter-output>
        </test-method> <!-- tearDownSuite -->
      </class> <!-- utilities.ListenersDemo_Reports -->
    </test> <!-- Default test -->
  </suite> <!-- Default suite -->
</testng-results>
