<?xml version="1.0" encoding="UTF-8"?>
<testng-results ignored="0" total="2" passed="2" failed="0" skipped="0">
  <reporter-output>
  </reporter-output>
  <suite started-at="2024-02-10T20:40:02 IST" name="Default suite" finished-at="2024-02-10T20:40:22 IST" duration-ms="19694">
    <groups>
    </groups>
    <test started-at="2024-02-10T20:40:02 IST" name="Default test" finished-at="2024-02-10T20:40:22 IST" duration-ms="19694">
      <class name="utilities.AmazonTest">
        <test-method is-config="true" signature="beforeClass()[pri:0, instance:utilities.AmazonTest@6e9175d8]" started-at="2024-02-10T20:40:02 IST" name="beforeClass" finished-at="2024-02-10T20:40:09 IST" duration-ms="6490" status="PASS">
          <reporter-output>
          </reporter-output>
        </test-method> <!-- beforeClass -->
        <test-method signature="testSearch1()[pri:0, instance:utilities.AmazonTest@6e9175d8]" started-at="2024-02-10T20:40:09 IST" name="testSearch1" description="Search Iphone 15 pro max" finished-at="2024-02-10T20:40:15 IST" duration-ms="6452" status="PASS">
          <reporter-output>
          </reporter-output>
        </test-method> <!-- testSearch1 -->
        <test-method signature="testSearch2()[pri:0, instance:utilities.AmazonTest@6e9175d8]" started-at="2024-02-10T20:40:15 IST" name="testSearch2" description="Search Apple Mac book" finished-at="2024-02-10T20:40:20 IST" duration-ms="4931" status="PASS">
          <reporter-output>
          </reporter-output>
        </test-method> <!-- testSearch2 -->
        <test-method is-config="true" signature="tearDown()[pri:0, instance:utilities.AmazonTest@6e9175d8]" started-at="2024-02-10T20:40:20 IST" name="tearDown" finished-at="2024-02-10T20:40:22 IST" duration-ms="1696" status="PASS">
          <reporter-output>
          </reporter-output>
        </test-method> <!-- tearDown -->
      </class> <!-- utilities.AmazonTest -->
    </test> <!-- Default test -->
  </suite> <!-- Default suite -->
</testng-results>
